firstVuforia/build/outputs/logs/manifest-merger-debug-report.txt
-- Merging decision tree log ---
manifest
ADDED from src\main\AndroidManifest.xml:2:1-59:12
INJECTED from src\main\AndroidManifest.xml:2:1-59:12
INJECTED from src\main\AndroidManifest.xml:2:1-59:12
INJECTED from src\main\AndroidManifest.xml:2:1-59:12
INJECTED from src\main\AndroidManifest.xml:2:1-59:12
INJECTED from src\main\AndroidManifest.xml:2:1-59:12
INJECTED from src\main\AndroidManifest.xml:2:1-59:12
	package
		ADDED from src\main\AndroidManifest.xml:3:5-37
		INJECTED from src\main\AndroidManifest.xml
		INJECTED from src\main\AndroidManifest.xml
	android:versionName
		INJECTED from src\main\AndroidManifest.xml
		ADDED from src\main\AndroidManifest.xml:2:1-59:12
		INJECTED from src\main\AndroidManifest.xml
	android:versionCode
		INJECTED from src\main\AndroidManifest.xml
		ADDED from src\main\AndroidManifest.xml:2:1-59:12
		INJECTED from src\main\AndroidManifest.xml
	xmlns:android
		ADDED from src\main\AndroidManifest.xml:2:11-69
supports-screens
ADDED from src\main\AndroidManifest.xml:5:5-10:40
	android:largeScreens
		ADDED from src\main\AndroidManifest.xml:7:9-36
	android:smallScreens
		ADDED from src\main\AndroidManifest.xml:9:9-36
	android:normalScreens
		ADDED from src\main\AndroidManifest.xml:8:9-37
	android:xlargeScreens
		ADDED from src\main\AndroidManifest.xml:10:9-37
	android:anyDensity
		ADDED from src\main\AndroidManifest.xml:6:9-34
application
ADDED from src\main\AndroidManifest.xml:11:5-35:19
	android:label
		ADDED from src\main\AndroidManifest.xml:12:9-41
activity#com.ucast.firstvuforia.UnityPlayerActivity
ADDED from src\main\AndroidManifest.xml:13:9-24:20
	android:screenOrientation
		ADDED from src\main\AndroidManifest.xml:19:13-50
	android:label
		ADDED from src\main\AndroidManifest.xml:17:13-45
	android:launchMode
		ADDED from src\main\AndroidManifest.xml:18:13-44
	android:hardwareAccelerated
		ADDED from src\main\AndroidManifest.xml:16:13-48
	android:configChanges
		ADDED from src\main\AndroidManifest.xml:15:13-194
	android:name
		ADDED from src\main\AndroidManifest.xml:14:13-70
meta-data#unityplayer.UnityActivity
ADDED from src\main\AndroidManifest.xml:21:13-23:40
	android:value
		ADDED from src\main\AndroidManifest.xml:23:17-37
	android:name
		ADDED from src\main\AndroidManifest.xml:22:17-57
meta-data#unity.build-id
ADDED from src\main\AndroidManifest.xml:26:9-28:68
	android:value
		ADDED from src\main\AndroidManifest.xml:28:13-65
	android:name
		ADDED from src\main\AndroidManifest.xml:27:13-42
meta-data#unity.splash-mode
ADDED from src\main\AndroidManifest.xml:29:9-31:33
	android:value
		ADDED from src\main\AndroidManifest.xml:31:13-30
	android:name
		ADDED from src\main\AndroidManifest.xml:30:13-45
meta-data#unity.splash-enable
ADDED from src\main\AndroidManifest.xml:32:9-34:36
	android:value
		ADDED from src\main\AndroidManifest.xml:34:13-33
	android:name
		ADDED from src\main\AndroidManifest.xml:33:13-47
uses-feature#0x00020000
ADDED from src\main\AndroidManifest.xml:36:5-54
	android:glEsVersion
		ADDED from src\main\AndroidManifest.xml:36:19-51
uses-permission#android.permission.INTERNET
ADDED from src\main\AndroidManifest.xml:38:5-67
	android:name
		ADDED from src\main\AndroidManifest.xml:38:22-64
uses-permission#android.permission.CAMERA
ADDED from src\main\AndroidManifest.xml:39:5-65
	android:name
		ADDED from src\main\AndroidManifest.xml:39:22-62
uses-feature#android.hardware.camera
ADDED from src\main\AndroidManifest.xml:41:5-43:36
	android:required
		ADDED from src\main\AndroidManifest.xml:43:9-33
	android:name
		ADDED from src\main\AndroidManifest.xml:42:9-47
uses-feature#android.hardware.camera.autofocus
ADDED from src\main\AndroidManifest.xml:44:5-46:36
	android:required
		ADDED from src\main\AndroidManifest.xml:46:9-33
	android:name
		ADDED from src\main\AndroidManifest.xml:45:9-57
uses-feature#android.hardware.camera.front
ADDED from src\main\AndroidManifest.xml:47:5-49:36
	android:required
		ADDED from src\main\AndroidManifest.xml:49:9-33
	android:name
		ADDED from src\main\AndroidManifest.xml:48:9-53
uses-feature#android.hardware.touchscreen
ADDED from src\main\AndroidManifest.xml:50:5-52:36
	android:required
		ADDED from src\main\AndroidManifest.xml:52:9-33
	android:name
		ADDED from src\main\AndroidManifest.xml:51:9-52
uses-feature#android.hardware.touchscreen.multitouch
ADDED from src\main\AndroidManifest.xml:53:5-55:36
	android:required
		ADDED from src\main\AndroidManifest.xml:55:9-33
	android:name
		ADDED from src\main\AndroidManifest.xml:54:9-63
uses-feature#android.hardware.touchscreen.multitouch.distinct
ADDED from src\main\AndroidManifest.xml:56:5-58:36
	android:required
		ADDED from src\main\AndroidManifest.xml:58:9-33
	android:name
		ADDED from src\main\AndroidManifest.xml:57:9-72